#
# A fatal error has been detected by the Java Runtime Environment:
#
#  SIGSEGV (0xb) at pc=0x0000000107ea05b0, pid=7057, tid=4867
#
# JRE version: Java(TM) SE Runtime Environment (8.0_73-b02) (build 1.8.0_73-b02)
# Java VM: Java HotSpot(TM) 64-Bit Server VM (25.73-b02 mixed mode bsd-amd64 compressed oops)
# Problematic frame:
# j  java.lang.ThreadGroup.getParent()Ljava/lang/ThreadGroup;+0
#
# Failed to write core dump. Core dumps have been disabled. To enable core dumping, try "ulimit -c unlimited" before starting Java again
#
# If you would like to submit a bug report, please visit:
#   http://bugreport.java.com/bugreport/crash.jsp
#

---------------  T H R E A D  ---------------

Current thread (0x00007f95f080f800):  JavaThread "main" [_thread_in_Java, id=4867, stack(0x0000000107d8e000,0x0000000107e8e000)]

siginfo: si_signo: 11 (SIGSEGV), si_code: 1 (SEGV_MAPERR), si_addr: 0x000001076f2980ba

Registers:
RAX=0x0000000107e97c7d, RBX=0x0000000107e8ad98, RCX=0x000001076f2980ba, RDX=0x000000076c66f300
RSP=0x0000000107e97c4d, RBP=0x0000000107e8add8, RSI=0x0000000107e97c7d, RDI=0x00007f95f080f800
R8 =0x000000000000010c, R9 =0x0000000107e97b25, R10=0x0000000000000000, R11=0x00000001088011a0
R12=0x0000000000000000, R13=0x0000000000000000, R14=0x0000000107e8ade8, R15=0x00007f95f080f800
RIP=0x0000000107ea05b0, EFLAGS=0x0000000000010202, ERR=0x0000000000000004
  TRAPNO=0x000000000000000e

Top of Stack: (sp=0x0000000107e97c4d)
0x0000000107e97c4d:   f045c748f0658b48 0000000000000000
0x0000000107e97c5d:   4db70f41d0758b4c 0000000000000000
0x0000000107e97c6d:   00ffe38128cb5c8b 0000000000000000
0x0000000107e97c7d:   4903c58349035db6 0000000000000000
0x0000000107e97c8d:   658b48da24ff4100 000000f045c748f0
0x0000000107e97c9d:   758b4cc86d8b4c00 8b48014db70f41d0
0x0000000107e97cad:   cb5c8b02e1c1d85d 48000000ffe38128
0x0000000107e97cbd:   055db60f41dc248d 2980ba4905c58349
0x0000000107e97ccd:   ff4100000001076f c748f0658b48da24
0x0000000107e97cdd:   8b4c00000000f045 8b41d0758b4cc86d
0x0000000107e97ced:   d85d8b48d1f7014d 8128cb5c8b02e1c1
0x0000000107e97cfd:   248d48000000ffe3 8349055db60f41dc
0x0000000107e97d0d:   076f2980ba4905c5 da24ff4100000001
0x0000000107e97d1d:   00000017a0906666 010740e093000000
0x0000000107e97d2d:   00ffffffff000000 0000000000000000
0x0000000107e97d3d:   4cc86d8b4c000000 48c0658b48d0758b
0x0000000107e97d4d:   4900000000f045c7 41c7000003888f8b
0x0000000107e97d5d:   7841c70000000a70 88978b4900000000
0x0000000107e97d6d:   00006c42c7000003 000295978a410000
0x0000000107e97d7d:   0000029587c64100 204b8be85d8b4800
0x0000000107e97d8d:   840f00000020c1f7 0fffc2f6000000e7
0x0000000107e97d9d:   758d48000001cf85 c0854808468b48b0
0x0000000107e97dad:   c8e900000005850f 48c86d894c000000
0x0000000107e97dbd:   c748084e8b48068d 8b48000000000846
0x0000000107e97dcd:   fa834807e2834811 48000000a0840f05
0x0000000107e97ddd:   94840fd28548108b 11b10f48f0000000
0x0000000107e97ded:   894800000089840f e900000005e8084e
0x0000000107e97dfd:   24448d480000007b ff8b49c86d894c08
0x0000000107e97e0d:   49000001e8af8949 c4f7000001d88789
0x0000000107e97e1d:   0012840f0000000f 40e808ec83480000
0x0000000107e97e2d:   e908c48348ff24dc 24dc32e800000005
0x0000000107e97e3d:   0000000000ba49ff 01d897894d000000 

Instructions: (pc=0x0000000107ea05b0)
0x0000000107ea0590:   48 8b 75 c0 48 8d 5d c0 e9 64 01 00 00 4c 89 6d
0x0000000107ea05a0:   c8 48 8d 06 48 8b 4e 08 48 c7 46 08 00 00 00 00
0x0000000107ea05b0:   48 8b 11 48 83 e2 07 48 83 fa 05 0f 84 a0 00 00
0x0000000107ea05c0:   00 48 8b 10 48 85 d2 0f 84 94 00 00 00 f0 48 0f 

Register to memory mapping:

RAX=